#
# A fatal error has been detected by the Java Runtime Environment:
#
#  SIGSEGV (0xb) at pc=0x00007ff81c683deb, pid=904, tid=55819
#
# JRE version: Java(TM) SE Runtime Environment (7.0_60-b19) (build 1.7.0_60-b19)
# Java VM: Java HotSpot(TM) 64-Bit Server VM (24.60-b09 mixed mode bsd-amd64 compressed oops)
# Problematic frame:
# C  [QuartzCore+0x9deb]  _ZN2CA5Layer4markEPNS_11TransactionEjj+0x191
#
# Failed to write core dump. Core dumps have been disabled. To enable core dumping, try "ulimit -c unlimited" before starting Java again
#
# If you would like to submit a bug report, please visit:
#   http://bugreport.sun.com/bugreport/crash.jsp
# The crash happened outside the Java Virtual Machine in native code.
# See problematic frame for where to report the bug.
#

---------------  T H R E A D  ---------------

Current thread (0x00007f94c8ab0800):  JavaThread "AWT-EventQueue-0" [_thread_in_native, id=55819, stack(0x000070000988e000,0x000070000998e000)]

siginfo:si_signo=SIGSEGV: si_errno=0, si_code=1 (SEGV_MAPERR), si_addr=0x00000000000000fc

Registers:
RAX=0x0000000000000000, RBX=0x00007f94cb907d80, RCX=0x0000000000000002, RDX=0x00000000ffefbfff
RSP=0x000070000998b5a0, RBP=0x000070000998b5d0, RSI=0x00007f94ca16e600, RDI=0x00007f94ca16e600
R8 =0x0000000000000000, R9 =0x0000000000000296, R10=0x00000000ffdfffff, R11=0x00007ff81c685e9a
R12=0x0000000000000010, R13=0x0000000000000000, R14=0x00007f94ca16e600, R15=0x0000000000000008
RIP=0x00007ff81c683deb, EFLAGS=0x0000000000010202, ERR=0x0000000000000004
  TRAPNO=0x000000000000000e

Top of Stack: (sp=0x000070000998b5a0)
0x000070000998b5a0:   0000000800000008 0000000000000008
0x000070000998b5b0:   00007f94ca16e600 0000000000000168
0x000070000998b5c0:   00007f94cb907da8 0000000000000000
0x000070000998b5d0:   000070000998b7a0 00007ff81c683768
0x000070000998b5e0:   000000000000000b 00007f94c922a2d8
0x000070000998b5f0:   000070000998ba10 0000000110475aa8
0x000070000998b600:   0000000000000000 00000000000000a5
0x000070000998b610:   0000000000000000 000000010ff356f8
0x000070000998b620:   0000000000000004 ffffffffffffffff
0x000070000998b630:   00000008ffffffff 00007f94ca16e600
0x000070000998b640:   00007ff857023738 00007f94cb907d80
0x000070000998b650:   0000000000010000 0000000000000000
0x000070000998b660:   0000000000000002 0000000000000000
0x000070000998b670:   3f8000000998b710 0000000000000000
0x000070000998b680:   0000000000000000 0000000000000000
0x000070000998b690:   0000000000000000 0000000000000000
0x000070000998b6a0:   0000000000000000 0000000000000000
0x000070000998b6b0:   0000000000000000 0000000000000000
0x000070000998b6c0:   0000000000000000 0000000000000000
0x000070000998b6d0:   0000000000000000 0000000000000000
0x000070000998b6e0:   0000000000000000 0000000000000000
0x000070000998b6f0:   0000000000000000 0000000000000000
0x000070000998b700:   0000000000000000 0000000000000000
0x000070000998b710:   0000000000000000 0000000000000000
0x000070000998b720:   0000000000000000 0000000000000000
0x000070000998b730:   0000000000000000 0000000000000000
0x000070000998b740:   0000000000000000 0000000000000000
0x000070000998b750:   0000000119b3d000 0000000000000000
0x000070000998b760:   000070000998b8c4 0000000000000168
0x000070000998b770:   97cffb1fc0dc0045 00007f94cb907d80
0x000070000998b780:   00007f94cb907da8 0000000000000011
0x000070000998b790:   0000600002a39ba0 0000000000000000 

Instructions: (pc=0x00007ff81c683deb)
0x00007ff81c683dcb:   00 e8 38 b9 16 00 48 89 c7 48 89 de e8 6e 5a 2a
0x00007ff81c683ddb:   00 4d 85 ff 0f 85 07 ff ff ff f6 45 d4 08 74 4f
0x00007ff81c683deb:   41 83 bd fc 00 00 00 00 74 4e 4c 89 f7 4c 89 ee
0x00007ff81c683dfb:   e8 6a 50 01 00 eb 41 8d 51 ff 89 c8 f0 0f b1 13 

Register to memory mapping:

RAX=0x0000000000000000 is an unknown value
RBX=0x00007f94cb907d80 is an unknown value
RCX=0x0000000000000002 is an unknown value
RDX=0x00000000ffefbfff is an unknown value
RSP=0x000070000998b5a0 is pointing into the stack for thread: 0x00007f94c8ab0800
RBP=0x000070000998b5d0 is pointing into the stack for thread: 0x00007f94c8ab0800
RSI=0x00007f94ca16e600 is an unknown value
RDI=0x00007f94ca16e600 is an unknown value
R8 =0x0000000000000000 is an unknown value
R9 =0x0000000000000296 is an unknown value
R10=0x00000000ffdfffff is an unknown value
R11=0x00007ff81c685e9a: -[CALayer setOpacity:]+0 in /System/Library/Frameworks/QuartzCore.framework/Versions/A/QuartzCore at 0x00007ff81c67a000
R12=0x0000000000000010 is an unknown value
R13=0x0000000000000000 is an unknown value
R14=0x00007f94ca16e600 is an unknown value
R15=0x0000000000000008 is an unknown value


Stack: [0x000070000988e000,0x000070000998e000],  sp=0x000070000998b5a0,  free space=1013k
Native frames: (J=compiled Java code, j=interpreted, Vv=VM code, C=native code)
C  [QuartzCore+0x9deb]  _ZN2CA5Layer4markEPNS_11TransactionEjj+0x191
C  [QuartzCore+0x9768]  _ZN2CA5Layer19property_did_changeEPNS_11TransactionEj+0x1016
C  [QuartzCore+0x8700]  _ZN2CA5Layer10end_changeEPNS_11TransactionEjP11objc_objectS4_+0x18
C  [QuartzCore+0x7fd7]  _ZN2CA5Layer6setterEj12_CAValueTypePKv+0x16b
C  [QuartzCore+0xbecb]  -[CALayer setOpacity:]+0x31
C  [libnativewindow_macosx.jnilib+0x3e19]  Java_jogamp_nativewindow_macosx_OSXUtil_GetNSWindow0+0x769
C  [libnativewindow_macosx.jnilib+0x4bdb]  Java_jogamp_nativewindow_macosx_OSXUtil_FixCALayerLayout0+0x15b
j  jogamp.nativewindow.macosx.OSXUtil.FixCALayerLayout0(JJZIIIII)V+0
j  jogamp.nativewindow.macosx.OSXUtil.FixCALayerLayout(JJZIIIII)V+27
j  jogamp.nativewindow.jawt.macosx.MacOSXJAWTWindow.layoutSurfaceLayerImpl(JZ)V+397
j  com.jogamp.nativewindow.awt.JAWTWindow.layoutSurfaceLayerIfEnabled(Z)V+22
j  com.jogamp.nativewindow.awt.JAWTWindow.access$500(Lcom/jogamp/nativewindow/awt/JAWTWindow;Z)V+2
j  com.jogamp.nativewindow.awt.JAWTWindow$JAWTComponentListener.componentResized(Ljava/awt/event/ComponentEvent;)V+55
j  java.awt.Component.processComponentEvent(Ljava/awt/event/ComponentEvent;)V+46
j  java.awt.Component.processEvent(Ljava/awt/AWTEvent;)V+139
j  java.awt.Component.dispatchEventImpl(Ljava/awt/AWTEvent;)V+581
j  java.awt.Component.dispatchEvent(Ljava/awt/AWTEvent;)V+2
j  java.awt.EventQueue.dispatchEventImpl(Ljava/awt/AWTEvent;Ljava/lang/Object;)V+41
j  java.awt.EventQueue.access$200(Ljava/awt/EventQueue;Ljava/awt/AWTEvent;Ljava/lang/Object;)V+3
j  java.awt.EventQueue$3.run()Ljava/lang/Void;+12
j  java.awt.EventQueue$3.run()Ljava/lang/Object;+1
v  ~StubRoutines::call_stub
V  [libjvm.dylib+0x2db350]
V  [libjvm.dylib+0x2db120]
V  [libjvm.dylib+0x32e8f0]
j  java.security.AccessController.doPrivileged(Ljava/security/PrivilegedAction;Ljava/security/AccessControlContext;)Ljava/lang/Object;+0
j  java.security.ProtectionDomain$1.doIntersectionPrivilege(Ljava/security/PrivilegedAction;Ljava/security/AccessControlContext;Ljava/security/AccessControlContext;)Ljava/lang/Object;+28
j  java.security.ProtectionDomain$1.doIntersectionPrivilege(Ljava/security/PrivilegedAction;Ljava/security/AccessControlContext;)Ljava/lang/Object;+6
j  java.awt.EventQueue$4.run()Ljava/lang/Void;+11
j  java.awt.EventQueue$4.run()Ljava/lang/Object;+1
v  ~StubRoutines::call_stub
V  [libjvm.dylib+0x2db350]
V  [libjvm.dylib+0x2db120]
V  [libjvm.dylib+0x32e8f0]
j  java.security.AccessController.doPrivileged(Ljava/security/PrivilegedAction;Ljava/security/AccessControlContext;)Ljava/lang/Object;+0
j  java.security.ProtectionDomain$1.doIntersectionPrivilege(Ljava/security/PrivilegedAction;Ljava/security/AccessControlContext;Ljava/security/AccessControlContext;)Ljava/lang/Object;+28
j  java.awt.EventQueue.dispatchEvent(Ljava/awt/AWTEvent;)V+73
j  java.awt.EventDispatchThread.pumpOneEventForFilters(I)V+245
j  java.awt.EventDispatchThread.pumpEventsForFilter(ILjava/awt/Conditional;Ljava/awt/EventFilter;)V+35
j  java.awt.EventDispatchThread.pumpEventsForHierarchy(ILjava/awt/Conditional;Ljava/awt/Component;)V+11
j  java.awt.EventDispatchThread.pumpEvents(ILjava/awt/Conditional;)V+4
j  java.awt.EventDispatchThread.pumpEvents(Ljava/awt/Conditional;)V+3
j  java.awt.EventDispatchThread.run()V+9
v  ~StubRoutines::call_stub
V  [libjvm.dylib+0x2db350]
V  [libjvm.dylib+0x2db867]
V  [libjvm.dylib+0x2db9a4]
V  [libjvm.dylib+0x32a876]
V  [libjvm.dylib+0x4f5c11]
V  [libjvm.dylib+0x4f7319]
V  [libjvm.dylib+0x420b4e]
C  [libsystem_pthread.dylib+0x64e1]  _pthread_start+0x7d
C  [libsystem_pthread.dylib+0x1f6b]  thread_start+0xf

Java frames: (J=compiled Java code, j=interpreted, Vv=VM code)
j  jogamp.nativewindow.macosx.OSXUtil.FixCALayerLayout0(JJZIIIII)V+0
j  jogamp.nativewindow.macosx.OSXUtil.FixCALayerLayout(JJZIIIII)V+27
j  jogamp.nativewindow.jawt.macosx.MacOSXJAWTWindow.layoutSurfaceLayerImpl(JZ)V+397
j  com.jogamp.nativewindow.awt.JAWTWindow.layoutSurfaceLayerIfEnabled(Z)V+22
j  com.jogamp.nativewindow.awt.JAWTWindow.access$500(Lcom/jogamp/nativewindow/awt/JAWTWindow;Z)V+2
j  com.jogamp.nativewindow.awt.JAWTWindow$JAWTComponentListener.componentResized(Ljava/awt/event/ComponentEvent;)V+55
j  java.awt.Component.processComponentEvent(Ljava/awt/event/ComponentEvent;)V+46
j  java.awt.Component.processEvent(Ljava/awt/AWTEvent;)V+139
j  java.awt.Component.dispatchEventImpl(Ljava/awt/AWTEvent;)V+581
j  java.awt.Component.dispatchEvent(Ljava/awt/AWTEvent;)V+2
j  java.awt.EventQueue.dispatchEventImpl(Ljava/awt/AWTEvent;Ljava/lang/Object;)V+41
j  java.awt.EventQueue.access$200(Ljava/awt/EventQueue;Ljava/awt/AWTEvent;Ljava/lang/Object;)V+3
j  java.awt.EventQueue$3.run()Ljava/lang/Void;+12
j  java.awt.EventQueue$3.run()Ljava/lang/Object;+1
v  ~StubRoutines::call_stub
j  java.security.AccessController.doPrivileged(Ljava/security/PrivilegedAction;Ljava/security/AccessControlContext;)Ljava/lang/Object;+0
j  java.security.ProtectionDomain$1.doIntersectionPrivilege(Ljava/security/PrivilegedAction;Ljava/security/AccessControlContext;Ljava/security/AccessControlContext;)Ljava/lang/Object;+28
j  java.security.ProtectionDomain$1.doIntersectionPrivilege(Ljava/security/PrivilegedAction;Ljava/security/AccessControlContext;)Ljava/lang/Object;+6
j  java.awt.EventQueue$4.run()Ljava/lang/Void;+11
j  java.awt.EventQueue$4.run()Ljava/lang/Object;+1
v  ~StubRoutines::call_stub
j  java.security.AccessController.doPrivileged(Ljava/security/PrivilegedAction;Ljava/security/AccessControlContext;)Ljava/lang/Object;+0
j  java.security.ProtectionDomain$1.doIntersectionPrivilege(Ljava/security/PrivilegedAction;Ljava/security/AccessControlContext;Ljava/security/AccessControlContext;)Ljava/lang/Object;+28
j  java.awt.EventQueue.dispatchEvent(Ljava/awt/AWTEvent;)V+73
j  java.awt.EventDispatchThread.pumpOneEventForFilters(I)V+245
j  java.awt.EventDispatchThread.pumpEventsForFilter(ILjava/awt/Conditional;Ljava/awt/EventFilter;)V+35
j  java.awt.EventDispatchThread.pumpEventsForHierarchy(ILjava/awt/Conditional;Ljava/awt/Component;)V+11
j  java.awt.EventDispatchThread.pumpEvents(ILjava/awt/Conditional;)V+4
j  java.awt.EventDispatchThread.pumpEvents(Ljava/awt/Conditional;)V+3
j  java.awt.EventDispatchThread.run()V+9
v  ~StubRoutines::call_stub

---------------  P R O C E S S  ---------------

Java Threads: ( => current thread )
  0x00007f94c9a7f000 JavaThread "Thread-10" [_thread_blocked, id=16899, stack(0x0000700008c5e000,0x0000700008cde000)]
  0x00007f94c8b35800 JavaThread "J3D-InputDeviceScheduler-1" [_thread_blocked, id=64515, stack(0x000070000a1a9000,0x000070000a2a9000)]
  0x00007f94ca0d5000 JavaThread "J3D-SoundSchedulerUpdateThread-1" [_thread_blocked, id=61187, stack(0x000070000a0a6000,0x000070000a1a6000)]
  0x00007f94ca13c800 JavaThread "J3D-RenderStructureUpdateThread-1" [_thread_blocked, id=64771, stack(0x0000700009fa3000,0x000070000a0a3000)]
  0x00007f94c9a74000 JavaThread "J3D-BehaviorScheduler-1" [_thread_blocked, id=65027, stack(0x0000700009ea0000,0x0000700009fa0000)]
  0x00007f94c9a73800 JavaThread "J3D-TransformStructureUpdateThread-1" [_thread_blocked, id=60419, stack(0x0000700009d9d000,0x0000700009e9d000)]
  0x00007f94c9a72800 JavaThread "J3D-RenderingEnvironmentStructureUpdateThread-1" [_thread_blocked, id=65803, stack(0x0000700009c9a000,0x0000700009d9a000)]
  0x00007f94c8b34800 JavaThread "J3D-SoundStructureUpdateThread-1" [_thread_blocked, id=66319, stack(0x0000700009b97000,0x0000700009c97000)]
  0x00007f94c9921000 JavaThread "J3D-GeometryStructureUpdateThread-1" [_thread_blocked, id=66831, stack(0x0000700009a94000,0x0000700009b94000)]
  0x00007f94c8059000 JavaThread "J3D-BehaviorStructureUpdateThread-1" [_thread_blocked, id=67339, stack(0x0000700009991000,0x0000700009a91000)]
=>0x00007f94c8ab0800 JavaThread "AWT-EventQueue-0" [_thread_in_native, id=55819, stack(0x000070000988e000,0x000070000998e000)]
  0x00007f94c8964000 JavaThread "J3D-Renderer-1" [_thread_blocked, id=71939, stack(0x000070000978b000,0x000070000988b000)]
  0x00007f94ca0e6800 JavaThread "J3D-MasterControl-1" [_thread_blocked, id=54787, stack(0x0000700009688000,0x0000700009788000)]
  0x00007f94c99d9800 JavaThread "J3D-NotificationThread" [_thread_blocked, id=72195, stack(0x0000700009585000,0x0000700009685000)]
  0x00007f94c897c000 JavaThread "J3D-TimerThread" [_thread_blocked, id=72723, stack(0x0000700009482000,0x0000700009582000)]
  0x00007f94c8963000 JavaThread "J3D-RenderingAttributesStructureUpdateThread" [_thread_blocked, id=72975, stack(0x000070000937f000,0x000070000947f000)]
  0x00007f94c897b800 JavaThread "AWT-Shutdown" [_thread_blocked, id=53763, stack(0x0000700008eed000,0x0000700008fed000)]
  0x00007f94c8974000 JavaThread "Java2D Disposer" daemon [_thread_blocked, id=73731, stack(0x000070000927c000,0x000070000937c000)]
  0x00007f94c9915800 JavaThread "Java2D Queue Flusher" daemon [_thread_blocked, id=78087, stack(0x0000700009179000,0x0000700009279000)]
  0x00007f94c88db000 JavaThread "AWT-AppKit" daemon [_thread_in_native, id=259, stack(0x00007ff7b090f000,0x00007ff7b110f000)]
  0x00007f94c982c000 JavaThread "Service Thread" daemon [_thread_blocked, id=18435, stack(0x00007000086c3000,0x00007000087c3000)]
  0x00007f94c982b800 JavaThread "C2 CompilerThread1" daemon [_thread_blocked, id=18691, stack(0x00007000085c0000,0x00007000086c0000)]
  0x00007f94c8844000 JavaThread "C2 CompilerThread0" daemon [_thread_blocked, id=13571, stack(0x00007000084bd000,0x00007000085bd000)]
  0x00007f94c8843800 JavaThread "Signal Dispatcher" daemon [_thread_blocked, id=19203, stack(0x00007000083ba000,0x00007000084ba000)]
  0x00007f94c981f000 JavaThread "Finalizer" daemon [_thread_blocked, id=20483, stack(0x00007000081b1000,0x00007000082b1000)]
  0x00007f94c981e800 JavaThread "Reference Handler" daemon [_thread_blocked, id=20995, stack(0x00007000080ae000,0x00007000081ae000)]
  0x00007f94ca009000 JavaThread "main" [_thread_in_native, id=3843, stack(0x0000700007a9c000,0x0000700007b9c000)]

Other Threads:
  0x00007f94c881b800 VMThread [stack: 0x0000700007fab000,0x00007000080ab000] [id=21507]
  0x00007f94c8029800 WatcherThread [stack: 0x00007000087c6000,0x00007000088c6000] [id=14083]

VM state:not at safepoint (normal execution)

VM Mutex/Monitor currently owned by a thread: None

Heap
 PSYoungGen      total 38912K, used 14952K [0x00000007d5500000, 0x00000007d8000000, 0x0000000800000000)
  eden space 33792K, 31% used [0x00000007d5500000,0x00000007d5f804e8,0x00000007d7600000)
  from space 5120K, 82% used [0x00000007d7b00000,0x00000007d7f19dd0,0x00000007d8000000)
  to   space 5120K, 0% used [0x00000007d7600000,0x00000007d7600000,0x00000007d7b00000)
 ParOldGen       total 87040K, used 14790K [0x0000000780000000, 0x0000000785500000, 0x00000007d5500000)
  object space 87040K, 16% used [0x0000000780000000,0x0000000780e71918,0x0000000785500000)
 PSPermGen       total 21504K, used 20183K [0x000000077ae00000, 0x000000077c300000, 0x0000000780000000)
  object space 21504K, 93% used [0x000000077ae00000,0x000000077c1b5f40,0x000000077c300000)

Card table byte_map: [0x000000010f0a1000,0x000000010f4cb000] byte_map_base: 0x000000010b4ca000

Polling page: 0x000000010ef28000

Code Cache  [0x00000001106c0000, 0x0000000110930000, 0x00000001136c0000)
 total_blobs=957 nmethods=137 adapters=774 free_code_cache=48106Kb largest_free_block=49236416

Compilation events (10 events):
Event: 12.836 Thread 0x00007f94c982b800 nmethod 137 0x00000001107c70d0 code [0x00000001107c7320, 0x00000001107c81a0]
Event: 12.836 Thread 0x00007f94c982b800  138             javax.vecmath.Vector3f::normalize (68 bytes)
Event: 12.837 Thread 0x00007f94c982b800 nmethod 138 0x00000001107c4f10 code [0x00000001107c5060, 0x00000001107c5118]
Event: 12.837 Thread 0x00007f94c982b800  139             javax.vecmath.Vector3f::cross (76 bytes)
Event: 12.837 Thread 0x00007f94c982b800 nmethod 139 0x000000011072d390 code [0x000000011072d4e0, 0x000000011072d5b8]
Event: 12.837 Thread 0x00007f94c982b800  140             java.lang.Float::isNaN (12 bytes)
Event: 12.838 Thread 0x00007f94c982b800 nmethod 140 0x000000011072d110 code [0x000000011072d240, 0x000000011072d298]
Event: 12.838 Thread 0x00007f94c982b800  141             com.sun.j3d.utils.geometry.NormalGenerator::calculateVertexNormals (348 bytes)
Event: 12.866 Thread 0x00007f94c8844000 nmethod 136 0x00000001107c1950 code [0x00000001107c1b60, 0x00000001107c2e30]
Event: 12.870 Thread 0x00007f94c982b800 nmethod 141 0x00000001107c9b50 code [0x00000001107c9da0, 0x00000001107cab20]

GC Heap History (4 events):
Event: 6.632 GC heap before
{Heap before GC invocations=1 (full 0):
 PSYoungGen      total 38912K, used 33792K [0x00000007d5500000, 0x00000007d8000000, 0x0000000800000000)
  eden space 33792K, 100% used [0x00000007d5500000,0x00000007d7600000,0x00000007d7600000)
  from space 5120K, 0% used [0x00000007d7b00000,0x00000007d7b00000,0x00000007d8000000)
  to   space 5120K, 0% used [0x00000007d7600000,0x00000007d7600000,0x00000007d7b00000)
 ParOldGen       total 87040K, used 0K [0x0000000780000000, 0x0000000785500000, 0x00000007d5500000)
  object space 87040K, 0% used [0x0000000780000000,0x0000000780000000,0x0000000785500000)
 PSPermGen       total 21504K, used 18515K [0x000000077ae00000, 0x000000077c300000, 0x0000000780000000)
  object space 21504K, 86% used [0x000000077ae00000,0x000000077c014c38,0x000000077c300000)
Event: 6.645 GC heap after
Heap after GC invocations=1 (full 0):
 PSYoungGen      total 38912K, used 5109K [0x00000007d5500000, 0x00000007d8000000, 0x0000000800000000)
  eden space 33792K, 0% used [0x00000007d5500000,0x00000007d5500000,0x00000007d7600000)
  from space 5120K, 99% used [0x00000007d7600000,0x00000007d7afd760,0x00000007d7b00000)
  to   space 5120K, 0% used [0x00000007d7b00000,0x00000007d7b00000,0x00000007d8000000)
 ParOldGen       total 87040K, used 817K [0x0000000780000000, 0x0000000785500000, 0x00000007d5500000)
  object space 87040K, 0% used [0x0000000780000000,0x00000007800cc6e8,0x0000000785500000)
 PSPermGen       total 21504K, used 18515K [0x000000077ae00000, 0x000000077c300000, 0x0000000780000000)
  object space 21504K, 86% used [0x000000077ae00000,0x000000077c014c38,0x000000077c300000)
}
Event: 11.673 GC heap before
{Heap before GC invocations=2 (full 0):
 PSYoungGen      total 38912K, used 38901K [0x00000007d5500000, 0x00000007d8000000, 0x0000000800000000)
  eden space 33792K, 100% used [0x00000007d5500000,0x00000007d7600000,0x00000007d7600000)
  from space 5120K, 99% used [0x00000007d7600000,0x00000007d7afd760,0x00000007d7b00000)
  to   space 5120K, 0% used [0x00000007d7b00000,0x00000007d7b00000,0x00000007d8000000)
 ParOldGen       total 87040K, used 817K [0x0000000780000000, 0x0000000785500000, 0x00000007d5500000)
  object space 87040K, 0% used [0x0000000780000000,0x00000007800cc6e8,0x0000000785500000)
 PSPermGen       total 21504K, used 20180K [0x000000077ae00000, 0x000000077c300000, 0x0000000780000000)
  object space 21504K, 93% used [0x000000077ae00000,0x000000077c1b5270,0x000000077c300000)
Event: 11.693 GC heap after
Heap after GC invocations=2 (full 0):
 PSYoungGen      total 38912K, used 4199K [0x00000007d5500000, 0x00000007d8000000, 0x0000000800000000)
  eden space 33792K, 0% used [0x00000007d5500000,0x00000007d5500000,0x00000007d7600000)
  from space 5120K, 82% used [0x00000007d7b00000,0x00000007d7f19dd0,0x00000007d8000000)
  to   space 5120K, 0% used [0x00000007d7600000,0x00000007d7600000,0x00000007d7b00000)
 ParOldGen       total 87040K, used 14790K [0x0000000780000000, 0x0000000785500000, 0x00000007d5500000)
  object space 87040K, 16% used [0x0000000780000000,0x0000000780e71918,0x0000000785500000)
 PSPermGen       total 21504K, used 20180K [0x000000077ae00000, 0x000000077c300000, 0x0000000780000000)
  object space 21504K, 93% used [0x000000077ae00000,0x000000077c1b5270,0x000000077c300000)
}

Deoptimization events (10 events):
Event: 6.842 Thread 0x00007f94ca009000 Uncommon trap: reason=predicate action=maybe_recompile pc=0x000000011079f764 method=com.sun.j3d.utils.geometry.GeometryInfo.unindexifyData([Ljava/lang/Object;[I)[Ljava/lang/Object; @ 18
Event: 6.942 Thread 0x00007f94ca009000 Uncommon trap: reason=class_check action=maybe_recompile pc=0x00000001107aa9c8 method=java.util.HashMap.put(Ljava/lang/Object;Ljava/lang/Object;)Ljava/lang/Object; @ 137
Event: 7.004 Thread 0x00007f94ca009000 Uncommon trap: reason=class_check action=maybe_recompile pc=0x00000001107aa9c8 method=java.util.HashMap.put(Ljava/lang/Object;Ljava/lang/Object;)Ljava/lang/Object; @ 137
Event: 7.004 Thread 0x00007f94ca009000 Uncommon trap: reason=class_check action=maybe_recompile pc=0x00000001107aa9c8 method=java.util.HashMap.put(Ljava/lang/Object;Ljava/lang/Object;)Ljava/lang/Object; @ 137
Event: 7.004 Thread 0x00007f94ca009000 Uncommon trap: reason=class_check action=maybe_recompile pc=0x00000001107aa9c8 method=java.util.HashMap.put(Ljava/lang/Object;Ljava/lang/Object;)Ljava/lang/Object; @ 137
Event: 7.122 Thread 0x00007f94c8964000 Uncommon trap: reason=unreached action=reinterpret pc=0x00000001107a0c6c method=java.lang.Integer.parseInt(Ljava/lang/String;I)I @ 1
Event: 8.269 Thread 0x00007f94c8282000 Uncommon trap: reason=array_check action=maybe_recompile pc=0x00000001107a93b4 method=com.sun.j3d.utils.geometry.GeometryInfo.unindexifyData([Ljava/lang/Object;[I)[Ljava/lang/Object; @ 27
Event: 8.273 Thread 0x00007f94c8282000 Uncommon trap: reason=array_check action=maybe_recompile pc=0x00000001107a93b4 method=com.sun.j3d.utils.geometry.GeometryInfo.unindexifyData([Ljava/lang/Object;[I)[Ljava/lang/Object; @ 27
Event: 8.273 Thread 0x00007f94c8282000 Uncommon trap: reason=array_check action=maybe_recompile pc=0x00000001107a93b4 method=com.sun.j3d.utils.geometry.GeometryInfo.unindexifyData([Ljava/lang/Object;[I)[Ljava/lang/Object; @ 27
Event: 8.273 Thread 0x00007f94c8282000 Uncommon trap: reason=array_check action=maybe_recompile pc=0x00000001107a93b4 method=com.sun.j3d.utils.geometry.GeometryInfo.unindexifyData([Ljava/lang/Object;[I)[Ljava/lang/Object; @ 27

Internal exceptions (10 events):
Event: 8.173 Thread 0x00007f94c8964000 Threw 0x00000007d68227d8 at /HUDSON/workspace/7u-2-build-macosx-x86_64/jdk7u60/1081/hotspot/src/share/vm/prims/jvm.cpp:1244
Event: 8.175 Thread 0x00007f94ca0d5000 Threw 0x00000007d69779f0 at /HUDSON/workspace/7u-2-build-macosx-x86_64/jdk7u60/1081/hotspot/src/share/vm/prims/jvm.cpp:1244
Event: 8.175 Thread 0x00007f94ca0d5000 Threw 0x00000007d697b3e0 at /HUDSON/workspace/7u-2-build-macosx-x86_64/jdk7u60/1081/hotspot/src/share/vm/prims/jvm.cpp:1244
Event: 8.176 Thread 0x00007f94ca0d5000 Threw 0x00000007d6981d80 at /HUDSON/workspace/7u-2-build-macosx-x86_64/jdk7u60/1081/hotspot/src/share/vm/prims/jvm.cpp:1244
Event: 8.176 Thread 0x00007f94ca0d5000 Threw 0x00000007d6985a68 at /HUDSON/workspace/7u-2-build-macosx-x86_64/jdk7u60/1081/hotspot/src/share/vm/prims/jvm.cpp:1244
Event: 8.176 Thread 0x00007f94ca0d5000 Threw 0x00000007d69896e8 at /HUDSON/workspace/7u-2-build-macosx-x86_64/jdk7u60/1081/hotspot/src/share/vm/prims/jvm.cpp:1244
Event: 8.254 Thread 0x00007f94c9a74000 Threw 0x00000007d691b920 at /HUDSON/workspace/7u-2-build-macosx-x86_64/jdk7u60/1081/hotspot/src/share/vm/prims/jvm.cpp:1244
Event: 8.255 Thread 0x00007f94c9a74000 Threw 0x00000007d691ded8 at /HUDSON/workspace/7u-2-build-macosx-x86_64/jdk7u60/1081/hotspot/src/share/vm/prims/jvm.cpp:1244
Event: 8.255 Thread 0x00007f94c9a74000 Threw 0x00000007d691fef0 at /HUDSON/workspace/7u-2-build-macosx-x86_64/jdk7u60/1081/hotspot/src/share/vm/prims/jvm.cpp:1244
Event: 8.256 Thread 0x00007f94c9a74000 Threw 0x00000007d6921f80 at /HUDSON/workspace/7u-2-build-macosx-x86_64/jdk7u60/1081/hotspot/src/share/vm/prims/jvm.cpp:1244

Events (10 events):
Event: 13.907 Thread 0x00007f94ca1e1000 Thread exited: 0x00007f94ca1e1000
Event: 13.907 Thread 0x00007f94c9a7f000 Thread added: 0x00007f94c9a7f000
Event: 13.921 Executing VM operation: RevokeBias
Event: 13.921 Executing VM operation: RevokeBias done
Event: 13.930 Executing VM operation: RevokeBias
Event: 13.930 Executing VM operation: RevokeBias done
Event: 13.953 Executing VM operation: RevokeBias
Event: 13.953 Executing VM operation: RevokeBias done
Event: 13.954 Executing VM operation: RevokeBias
Event: 13.954 Executing VM operation: RevokeBias done


Dynamic libraries:
0x0000000015202000 	/System/Library/Frameworks/Cocoa.framework/Versions/A/Cocoa
0x0000000015202000 	/System/Library/Frameworks/AppKit.framework/Versions/C/AppKit
0x0000000015202000 	/System/Library/Frameworks/CoreData.framework/Versions/A/CoreData
0x0000000015202000 	/System/Library/Frameworks/Foundation.framework/Versions/C/Foundation
0x0000000015202000 	/usr/lib/libSystem.B.dylib
0x0000000015202000 	/System/Library/PrivateFrameworks/UIFoundation.framework/Versions/A/UIFoundation
0x0000000015202000 	/System/Library/PrivateFrameworks/RemoteViewServices.framework/Versions/A/RemoteViewServices
0x0000000015202000 	/System/Library/PrivateFrameworks/XCTTargetBootstrap.framework/Versions/A/XCTTargetBootstrap
0x0000000015202000 	/System/Library/PrivateFrameworks/InternationalSupport.framework/Versions/A/InternationalSupport
0x0000000015202000 	/System/Library/PrivateFrameworks/UserActivity.framework/Versions/A/UserActivity
0x0000000015202000 	/usr/lib/libspindump.dylib
0x0000000015202000 	/System/Library/Frameworks/UniformTypeIdentifiers.framework/Versions/A/UniformTypeIdentifiers
0x0000000015202000 	/usr/lib/libapp_launch_measurement.dylib
0x0000000015202000 	/System/Library/PrivateFrameworks/CoreAnalytics.framework/Versions/A/CoreAnalytics
0x0000000015202000 	/System/Library/PrivateFrameworks/CoreAutoLayout.framework/Versions/A/CoreAutoLayout
0x0000000015202000 	/System/Library/Frameworks/Metal.framework/Versions/A/Metal
0x0000000015202000 	/usr/lib/liblangid.dylib
0x0000000015202000 	/System/Library/PrivateFrameworks/CoreSVG.framework/Versions/A/CoreSVG
0x0000000015202000 	/System/Library/PrivateFrameworks/SkyLight.framework/Versions/A/SkyLight
0x0000000015202000 	/System/Library/Frameworks/CoreGraphics.framework/Versions/A/CoreGraphics
0x0000000015202000 	/System/Library/Frameworks/Accelerate.framework/Versions/A/Accelerate
0x0000000015202000 	/System/Library/PrivateFrameworks/IconServices.framework/Versions/A/IconServices
0x0000000015202000 	/System/Library/Frameworks/IOSurface.framework/Versions/A/IOSurface
0x0000000015202000 	/usr/lib/libDiagnosticMessagesClient.dylib
0x0000000015202000 	/usr/lib/libz.1.dylib
0x0000000015202000 	/System/Library/Frameworks/ApplicationServices.framework/Versions/A/ApplicationServices
0x0000000015202000 	/System/Library/PrivateFrameworks/DFRFoundation.framework/Versions/A/DFRFoundation
0x0000000015202000 	/usr/lib/libicucore.A.dylib
0x0000000015202000 	/System/Library/Frameworks/AudioToolbox.framework/Versions/A/AudioToolbox
0x0000000015202000 	/System/Library/PrivateFrameworks/DataDetectorsCore.framework/Versions/A/DataDetectorsCore
0x0000000015202000 	/System/Library/PrivateFrameworks/TextInput.framework/Versions/A/TextInput
0x0000000015202000 	/usr/lib/libMobileGestalt.dylib
0x0000000015202000 	/System/Library/Frameworks/Carbon.framework/Versions/A/Frameworks/HIToolbox.framework/Versions/A/HIToolbox
0x0000000015202000 	/System/Library/Frameworks/QuartzCore.framework/Versions/A/QuartzCore
0x0000000015202000 	/System/Library/Frameworks/Security.framework/Versions/A/Security
0x0000000015202000 	/System/Library/Frameworks/Carbon.framework/Versions/A/Frameworks/SpeechRecognition.framework/Versions/A/SpeechRecognition
0x0000000015202000 	/System/Library/PrivateFrameworks/CoreUI.framework/Versions/A/CoreUI
0x0000000015202000 	/System/Library/Frameworks/CoreAudio.framework/Versions/A/CoreAudio
0x0000000015202000 	/System/Library/Frameworks/DiskArbitration.framework/Versions/A/DiskArbitration
0x0000000015202000 	/System/Library/PrivateFrameworks/MultitouchSupport.framework/Versions/A/MultitouchSupport
0x0000000015202000 	/usr/lib/libenergytrace.dylib
0x0000000015202000 	/System/Library/Frameworks/IOKit.framework/Versions/A/IOKit
0x0000000015202000 	/System/Library/Frameworks/CoreServices.framework/Versions/A/CoreServices
0x0000000015202000 	/System/Library/PrivateFrameworks/PerformanceAnalysis.framework/Versions/A/PerformanceAnalysis
0x0000000015202000 	/System/Library/Frameworks/OpenGL.framework/Versions/A/OpenGL
0x0000000015202000 	/System/Library/PrivateFrameworks/MobileKeyBag.framework/Versions/A/MobileKeyBag
0x0000000015202000 	/usr/lib/libobjc.A.dylib
0x0000000015202000 	/System/Library/Frameworks/ColorSync.framework/Versions/A/ColorSync
0x0000000015202000 	/System/Library/Frameworks/CoreFoundation.framework/Versions/A/CoreFoundation
0x0000000015202000 	/System/Library/Frameworks/CoreImage.framework/Versions/A/CoreImage
0x0000000015202000 	/System/Library/Frameworks/CoreText.framework/Versions/A/CoreText
0x0000000015202000 	/System/Library/Frameworks/ImageIO.framework/Versions/A/ImageIO
0x0000000015202000 	/System/Library/PrivateFrameworks/SoftLinking.framework/Versions/A/SoftLinking
0x0000000015202000 	/usr/lib/libxml2.2.dylib
0x0000000015202000 	/usr/lib/libc++.1.dylib
0x0000000015202000 	/usr/lib/libcompression.dylib
0x0000000015202000 	/System/Library/PrivateFrameworks/TextureIO.framework/Versions/A/TextureIO
0x0000000015202000 	/usr/lib/libate.dylib
0x0000000015202000 	/usr/lib/system/libcache.dylib
0x0000000015202000 	/usr/lib/system/libcommonCrypto.dylib
0x0000000015202000 	/usr/lib/system/libcompiler_rt.dylib
0x0000000015202000 	/usr/lib/system/libcopyfile.dylib
0x0000000015202000 	/usr/lib/system/libcorecrypto.dylib
0x0000000015202000 	/usr/lib/system/libdispatch.dylib
0x0000000015202000 	/usr/lib/system/libdyld.dylib
0x0000000015202000 	/usr/lib/system/libkeymgr.dylib
0x0000000015202000 	/usr/lib/system/libmacho.dylib
0x0000000015202000 	/usr/lib/system/libquarantine.dylib
0x0000000015202000 	/usr/lib/system/libremovefile.dylib
0x0000000015202000 	/usr/lib/system/libsystem_asl.dylib
0x0000000015202000 	/usr/lib/system/libsystem_blocks.dylib
0x0000000015202000 	/usr/lib/system/libsystem_c.dylib
0x0000000015202000 	/usr/lib/system/libsystem_collections.dylib
0x0000000015202000 	/usr/lib/system/libsystem_configuration.dylib
0x0000000015202000 	/usr/lib/system/libsystem_containermanager.dylib
0x0000000015202000 	/usr/lib/system/libsystem_coreservices.dylib
0x0000000015202000 	/usr/lib/system/libsystem_darwin.dylib
0x0000000015202000 	/usr/lib/system/libsystem_dnssd.dylib
0x0000000015202000 	/usr/lib/system/libsystem_featureflags.dylib
0x0000000015202000 	/usr/lib/system/libsystem_info.dylib
0x0000000015202000 	/usr/lib/system/libsystem_m.dylib
0x0000000015202000 	/usr/lib/system/libsystem_malloc.dylib
0x0000000015202000 	/usr/lib/system/libsystem_networkextension.dylib
0x0000000015202000 	/usr/lib/system/libsystem_notify.dylib
0x0000000015202000 	/usr/lib/system/libsystem_product_info_filter.dylib
0x0000000015202000 	/usr/lib/system/libsystem_sandbox.dylib
0x0000000015202000 	/usr/lib/system/libsystem_secinit.dylib
0x0000000015202000 	/usr/lib/system/libsystem_kernel.dylib
0x0000000015202000 	/usr/lib/system/libsystem_platform.dylib
0x0000000015202000 	/usr/lib/system/libsystem_pthread.dylib
0x0000000015202000 	/usr/lib/system/libsystem_symptoms.dylib
0x0000000015202000 	/usr/lib/system/libsystem_trace.dylib
0x0000000015202000 	/usr/lib/system/libunwind.dylib
0x0000000015202000 	/usr/lib/system/libxpc.dylib
0x0000000015202000 	/usr/lib/libc++abi.dylib
0x0000000015202000 	/usr/lib/liboah.dylib
0x0000000015202000 	/usr/lib/liblzma.5.dylib
0x0000000015202000 	/System/Library/Frameworks/SystemConfiguration.framework/Versions/A/SystemConfiguration
0x0000000015202000 	/usr/lib/libfakelink.dylib
0x0000000015202000 	/System/Library/Frameworks/CFNetwork.framework/Versions/A/CFNetwork
0x0000000015202000 	/usr/lib/libarchive.2.dylib
0x0000000015202000 	/System/Library/PrivateFrameworks/AppleSystemInfo.framework/Versions/A/AppleSystemInfo
0x0000000015202000 	/usr/lib/libbsm.0.dylib
0x0000000015202000 	/usr/lib/libnetwork.dylib
0x0000000015202000 	/usr/lib/system/libkxld.dylib
0x0000000015202000 	/System/Library/PrivateFrameworks/IOMobileFramebuffer.framework/Versions/A/IOMobileFramebuffer
0x0000000015202000 	/usr/lib/libCoreEntitlements.dylib
0x0000000015202000 	/System/Library/PrivateFrameworks/AppleFSCompression.framework/Versions/A/AppleFSCompression
0x0000000015202000 	/usr/lib/libcoretls.dylib
0x0000000015202000 	/usr/lib/libcoretls_cfhelpers.dylib
0x0000000015202000 	/usr/lib/libpam.2.dylib
0x0000000015202000 	/usr/lib/libsqlite3.dylib
0x0000000015202000 	/usr/lib/libxar.1.dylib
0x0000000015202000 	/usr/lib/libbz2.1.0.dylib
0x0000000015202000 	/usr/lib/libpcap.A.dylib
0x0000000015202000 	/usr/lib/libdns_services.dylib
0x0000000015202000 	/usr/lib/libapple_nghttp2.dylib
0x0000000015202000 	/usr/lib/libiconv.2.dylib
0x0000000015202000 	/usr/lib/libcharset.1.dylib
0x0000000015202000 	/System/Library/Frameworks/CoreServices.framework/Versions/A/Frameworks/FSEvents.framework/Versions/A/FSEvents
0x0000000015202000 	/System/Library/Frameworks/CoreServices.framework/Versions/A/Frameworks/CarbonCore.framework/Versions/A/CarbonCore
0x0000000015202000 	/System/Library/Frameworks/CoreServices.framework/Versions/A/Frameworks/Metadata.framework/Versions/A/Metadata
0x0000000015202000 	/System/Library/Frameworks/CoreServices.framework/Versions/A/Frameworks/OSServices.framework/Versions/A/OSServices
0x0000000015202000 	/System/Library/Frameworks/CoreServices.framework/Versions/A/Frameworks/SearchKit.framework/Versions/A/SearchKit
0x0000000015202000 	/System/Library/Frameworks/CoreServices.framework/Versions/A/Frameworks/AE.framework/Versions/A/AE
0x0000000015202000 	/System/Library/Frameworks/CoreServices.framework/Versions/A/Frameworks/LaunchServices.framework/Versions/A/LaunchServices
0x0000000015202000 	/System/Library/Frameworks/CoreServices.framework/Versions/A/Frameworks/DictionaryServices.framework/Versions/A/DictionaryServices
0x0000000015202000 	/System/Library/Frameworks/CoreServices.framework/Versions/A/Frameworks/SharedFileList.framework/Versions/A/SharedFileList
0x0000000015202000 	/usr/lib/libCheckFix.dylib
0x0000000015202000 	/System/Library/PrivateFrameworks/TCC.framework/Versions/A/TCC
0x0000000015202000 	/System/Library/PrivateFrameworks/CoreNLP.framework/Versions/A/CoreNLP
0x0000000015202000 	/System/Library/PrivateFrameworks/MetadataUtilities.framework/Versions/A/MetadataUtilities
0x0000000015202000 	/usr/lib/libmecabra.dylib
0x0000000015202000 	/usr/lib/libmecab.dylib
0x0000000015202000 	/usr/lib/libCRFSuite.dylib
0x0000000015202000 	/usr/lib/libgermantok.dylib
0x0000000015202000 	/usr/lib/libThaiTokenizer.dylib
0x0000000015202000 	/System/Library/Frameworks/Accelerate.framework/Versions/A/Frameworks/vImage.framework/Versions/A/vImage
0x0000000015202000 	/System/Library/Frameworks/Accelerate.framework/Versions/A/Frameworks/vecLib.framework/Versions/A/vecLib
0x0000000015202000 	/System/Library/Frameworks/Accelerate.framework/Versions/A/Frameworks/vecLib.framework/Versions/A/libvMisc.dylib
0x0000000015202000 	/System/Library/Frameworks/Accelerate.framework/Versions/A/Frameworks/vecLib.framework/Versions/A/libvDSP.dylib
0x0000000015202000 	/System/Library/Frameworks/Accelerate.framework/Versions/A/Frameworks/vecLib.framework/Versions/A/libBLAS.dylib
0x0000000015202000 	/System/Library/Frameworks/Accelerate.framework/Versions/A/Frameworks/vecLib.framework/Versions/A/libLAPACK.dylib
0x0000000015202000 	/System/Library/Frameworks/Accelerate.framework/Versions/A/Frameworks/vecLib.framework/Versions/A/libLinearAlgebra.dylib
0x0000000015202000 	/System/Library/Frameworks/Accelerate.framework/Versions/A/Frameworks/vecLib.framework/Versions/A/libSparseBLAS.dylib
0x0000000015202000 	/System/Library/Frameworks/Accelerate.framework/Versions/A/Frameworks/vecLib.framework/Versions/A/libQuadrature.dylib
0x0000000015202000 	/System/Library/Frameworks/Accelerate.framework/Versions/A/Frameworks/vecLib.framework/Versions/A/libBNNS.dylib
0x0000000015202000 	/System/Library/Frameworks/Accelerate.framework/Versions/A/Frameworks/vecLib.framework/Versions/A/libSparse.dylib
0x0000000015202000 	/System/Library/PrivateFrameworks/LinguisticData.framework/Versions/A/LinguisticData
0x0000000015202000 	/System/Library/PrivateFrameworks/Lexicon.framework/Versions/A/Lexicon
0x0000000015202000 	/usr/lib/libChineseTokenizer.dylib
0x0000000015202000 	/System/Library/PrivateFrameworks/LanguageModeling.framework/Versions/A/LanguageModeling
0x0000000015202000 	/System/Library/PrivateFrameworks/AppleSauce.framework/Versions/A/AppleSauce
0x0000000015202000 	/System/Library/PrivateFrameworks/CoreEmoji.framework/Versions/A/CoreEmoji
0x0000000015202000 	/usr/lib/libcmph.dylib
0x0000000015202000 	/System/Library/Frameworks/OpenDirectory.framework/Versions/A/Frameworks/CFOpenDirectory.framework/Versions/A/CFOpenDirectory
0x0000000015202000 	/System/Library/Frameworks/OpenDirectory.framework/Versions/A/OpenDirectory
0x0000000015202000 	/System/Library/PrivateFrameworks/APFS.framework/Versions/A/APFS
0x0000000015202000 	/System/Library/Frameworks/SecurityFoundation.framework/Versions/A/SecurityFoundation
0x0000000015202000 	/usr/lib/libutil.dylib
0x0000000015202000 	/System/Library/PrivateFrameworks/CoreServicesStore.framework/Versions/A/CoreServicesStore
0x0000000015202000 	/usr/lib/libxslt.1.dylib
0x0000000015202000 	/System/Library/PrivateFrameworks/BackgroundTaskManagement.framework/Versions/A/BackgroundTaskManagement
0x0000000015202000 	/System/Library/Frameworks/ImageIO.framework/Versions/A/Resources/libRadiance.dylib
0x0000000015202000 	/System/Library/Frameworks/ImageIO.framework/Versions/A/Resources/libJPEG.dylib
0x0000000015202000 	/System/Library/Frameworks/ImageIO.framework/Versions/A/Resources/libPng.dylib
0x0000000015202000 	/System/Library/Frameworks/ImageIO.framework/Versions/A/Resources/libTIFF.dylib
0x0000000015202000 	/System/Library/Frameworks/ImageIO.framework/Versions/A/Resources/libGIF.dylib
0x0000000015202000 	/System/Library/Frameworks/ImageIO.framework/Versions/A/Resources/libJP2.dylib
0x0000000015202000 	/usr/lib/libexpat.1.dylib
0x0000000015202000 	/System/Library/PrivateFrameworks/AppleJPEG.framework/Versions/A/AppleJPEG
0x0000000015202000 	/System/Library/PrivateFrameworks/FontServices.framework/libFontParser.dylib
0x0000000015202000 	/System/Library/PrivateFrameworks/RunningBoardServices.framework/Versions/A/RunningBoardServices
0x0000000015202000 	/System/Library/PrivateFrameworks/IOSurfaceAccelerator.framework/Versions/A/IOSurfaceAccelerator
0x0000000015202000 	/System/Library/PrivateFrameworks/WatchdogClient.framework/Versions/A/WatchdogClient
0x0000000015202000 	/System/Library/Frameworks/CoreDisplay.framework/Versions/A/CoreDisplay
0x0000000015202000 	/System/Library/Frameworks/CoreMedia.framework/Versions/A/CoreMedia
0x0000000015202000 	/System/Library/PrivateFrameworks/IOAccelerator.framework/Versions/A/IOAccelerator
0x0000000015202000 	/System/Library/Frameworks/CoreVideo.framework/Versions/A/CoreVideo
0x0000000015202000 	/System/Library/Frameworks/MetalPerformanceShaders.framework/Versions/A/MetalPerformanceShaders
0x0000000015202000 	/System/Library/Frameworks/VideoToolbox.framework/Versions/A/VideoToolbox
0x0000000015202000 	/System/Library/PrivateFrameworks/BaseBoard.framework/Versions/A/BaseBoard
0x0000000015202000 	/System/Library/PrivateFrameworks/ProtocolBuffer.framework/Versions/A/ProtocolBuffer
0x0000000015202000 	/System/Library/PrivateFrameworks/GPUWrangler.framework/Versions/A/GPUWrangler
0x0000000015202000 	/System/Library/PrivateFrameworks/IOPresentment.framework/Versions/A/IOPresentment
0x0000000015202000 	/System/Library/PrivateFrameworks/DSExternalDisplay.framework/Versions/A/DSExternalDisplay
0x0000000015202000 	/System/Library/Frameworks/OpenGL.framework/Versions/A/Libraries/libCoreFSCache.dylib
0x0000000015202000 	/System/Library/PrivateFrameworks/GPUCompiler.framework/Versions/31001/Libraries/libGPUCompilerUtils.dylib
0x0000000015202000 	/System/Library/PrivateFrameworks/CMCaptureCore.framework/Versions/A/CMCaptureCore
0x0000000015202000 	/System/Library/PrivateFrameworks/AppServerSupport.framework/Versions/A/AppServerSupport
0x0000000015202000 	/System/Library/PrivateFrameworks/perfdata.framework/Versions/A/perfdata
0x0000000015202000 	/System/Library/PrivateFrameworks/AudioToolboxCore.framework/Versions/A/AudioToolboxCore
0x0000000015202000 	/System/Library/PrivateFrameworks/caulk.framework/Versions/A/caulk
0x0000000015202000 	/usr/lib/libAudioStatistics.dylib
0x0000000015202000 	/System/Library/PrivateFrameworks/SystemPolicy.framework/Versions/A/SystemPolicy
0x0000000015202000 	/usr/lib/libSMC.dylib
0x0000000015202000 	/System/Library/Frameworks/CoreMIDI.framework/Versions/A/CoreMIDI
0x0000000015202000 	/usr/lib/libAudioToolboxUtility.dylib
0x0000000015202000 	/System/Library/PrivateFrameworks/OSAServicesClient.framework/Versions/A/OSAServicesClient
0x0000000015202000 	/usr/lib/libperfcheck.dylib
0x0000000015202000 	/usr/lib/libmis.dylib
0x0000000015202000 	/System/Library/Frameworks/OpenGL.framework/Versions/A/Libraries/libGLU.dylib
0x0000000015202000 	/System/Library/Frameworks/OpenGL.framework/Versions/A/Libraries/libGFXShared.dylib
0x0000000015202000 	/System/Library/Frameworks/OpenGL.framework/Versions/A/Libraries/libGL.dylib
0x0000000015202000 	/System/Library/Frameworks/OpenGL.framework/Versions/A/Libraries/libGLImage.dylib
0x0000000015202000 	/System/Library/Frameworks/OpenGL.framework/Versions/A/Libraries/libCVMSPluginSupport.dylib
0x0000000015202000 	/System/Library/Frameworks/OpenGL.framework/Versions/A/Libraries/libCoreVMClient.dylib
0x0000000015202000 	/System/Library/Frameworks/MetalPerformanceShaders.framework/Versions/A/Frameworks/MPSCore.framework/Versions/A/MPSCore
0x0000000015202000 	/System/Library/Frameworks/MetalPerformanceShaders.framework/Versions/A/Frameworks/MPSImage.framework/Versions/A/MPSImage
0x0000000015202000 	/System/Library/Frameworks/MetalPerformanceShaders.framework/Versions/A/Frameworks/MPSNeuralNetwork.framework/Versions/A/MPSNeuralNetwork
0x0000000015202000 	/System/Library/Frameworks/MetalPerformanceShaders.framework/Versions/A/Frameworks/MPSMatrix.framework/Versions/A/MPSMatrix
0x0000000015202000 	/System/Library/Frameworks/MetalPerformanceShaders.framework/Versions/A/Frameworks/MPSRayIntersector.framework/Versions/A/MPSRayIntersector
0x0000000015202000 	/System/Library/Frameworks/MetalPerformanceShaders.framework/Versions/A/Frameworks/MPSNDArray.framework/Versions/A/MPSNDArray
0x0000000015202000 	/System/Library/Frameworks/MetalPerformanceShaders.framework/Versions/A/Frameworks/MPSFunctions.framework/Versions/A/MPSFunctions
0x0000000015202000 	/System/Library/PrivateFrameworks/MetalTools.framework/Versions/A/MetalTools
0x0000000015202000 	/System/Library/PrivateFrameworks/AggregateDictionary.framework/Versions/A/AggregateDictionary
0x0000000015202000 	/usr/lib/libIOReport.dylib
0x0000000015202000 	/System/Library/Frameworks/OpenCL.framework/Versions/A/OpenCL
0x0000000015202000 	/System/Library/PrivateFrameworks/FaceCore.framework/Versions/A/FaceCore
0x0000000015202000 	/System/Library/PrivateFrameworks/GraphVisualizer.framework/Versions/A/GraphVisualizer
0x0000000015202000 	/System/Library/PrivateFrameworks/FontServices.framework/Versions/A/FontServices
0x0000000015202000 	/System/Library/PrivateFrameworks/OTSVG.framework/Versions/A/OTSVG
0x0000000015202000 	/System/Library/Frameworks/ApplicationServices.framework/Versions/A/Frameworks/ATS.framework/Versions/A/Resources/libFontRegistry.dylib
0x0000000015202000 	/System/Library/PrivateFrameworks/FontServices.framework/libhvf.dylib
0x0000000015202000 	/System/Library/PrivateFrameworks/FontServices.framework/libXTFontStaticRegistryData.dylib
0x0000000015202000 	/System/Library/PrivateFrameworks/AppleVA.framework/Versions/A/AppleVA
0x0000000015202000 	/System/Library/Frameworks/ApplicationServices.framework/Versions/A/Frameworks/ATS.framework/Versions/A/ATS
0x0000000015202000 	/System/Library/Frameworks/ApplicationServices.framework/Versions/A/Frameworks/HIServices.framework/Versions/A/HIServices
0x0000000015202000 	/System/Library/Frameworks/ApplicationServices.framework/Versions/A/Frameworks/PrintCore.framework/Versions/A/PrintCore
0x0000000015202000 	/System/Library/Frameworks/ApplicationServices.framework/Versions/A/Frameworks/QD.framework/Versions/A/QD
0x0000000015202000 	/System/Library/Frameworks/ApplicationServices.framework/Versions/A/Frameworks/ColorSyncLegacy.framework/Versions/A/ColorSyncLegacy
0x0000000015202000 	/System/Library/Frameworks/ApplicationServices.framework/Versions/A/Frameworks/SpeechSynthesis.framework/Versions/A/SpeechSynthesis
0x0000000015202000 	/System/Library/Frameworks/ApplicationServices.framework/Versions/A/Frameworks/ATSUI.framework/Versions/A/ATSUI
0x0000000015202000 	/usr/lib/libcups.2.dylib
0x0000000015202000 	/System/Library/Frameworks/Kerberos.framework/Versions/A/Kerberos
0x0000000015202000 	/System/Library/Frameworks/GSS.framework/Versions/A/GSS
0x0000000015202000 	/usr/lib/libresolv.9.dylib
0x0000000015202000 	/System/Library/PrivateFrameworks/Heimdal.framework/Versions/A/Heimdal
0x0000000015202000 	/System/Library/Frameworks/Kerberos.framework/Versions/A/Libraries/libHeimdalProxy.dylib
0x0000000015202000 	/System/Library/Frameworks/Network.framework/Versions/A/Network
0x0000000015202000 	/usr/lib/libheimdal-asn1.dylib
0x0000000015202000 	/System/Library/PrivateFrameworks/CommonAuth.framework/Versions/A/CommonAuth
0x0000000015202000 	/System/Library/PrivateFrameworks/AudioSession.framework/Versions/A/AudioSession
0x0000000015202000 	/System/Library/PrivateFrameworks/MediaExperience.framework/Versions/A/MediaExperience
0x0000000015202000 	/System/Library/PrivateFrameworks/AudioSession.framework/libSessionUtility.dylib
0x0000000015202000 	/System/Library/PrivateFrameworks/AudioResourceArbitration.framework/Versions/A/AudioResourceArbitration
0x0000000015202000 	/System/Library/PrivateFrameworks/PowerLog.framework/Versions/A/PowerLog
0x0000000015202000 	/System/Library/PrivateFrameworks/IconFoundation.framework/Versions/A/IconFoundation
0x0000000015202000 	/System/Library/PrivateFrameworks/SpeechRecognitionCore.framework/Versions/A/SpeechRecognitionCore
0x000000010fc61000 	/Library/Java/JavaVirtualMachines/jdk1.7.0_60.jdk/Contents/Home/jre/lib/server/libjvm.dylib
0x0000000015202000 	/usr/lib/libstdc++.6.dylib
0x000000010ef34000 	/Library/Java/JavaVirtualMachines/jdk1.7.0_60.jdk/Contents/Home/jre/lib/libverify.dylib
0x000000010ef71000 	/Library/Java/JavaVirtualMachines/jdk1.7.0_60.jdk/Contents/Home/jre/lib/libjava.dylib
0x000000010ef4a000 	/Library/Java/JavaVirtualMachines/jdk1.7.0_60.jdk/Contents/Home/jre/lib/libzip.dylib
0x0000000015202000 	/System/Library/Frameworks/JavaRuntimeSupport.framework/Versions/A/JavaRuntimeSupport
0x0000000015202000 	/System/Library/Frameworks/Carbon.framework/Versions/A/Carbon
0x0000000015202000 	/System/Library/PrivateFrameworks/CoreSymbolication.framework/Versions/A/CoreSymbolication
0x0000000015202000 	/System/Library/Frameworks/Carbon.framework/Versions/A/Frameworks/CommonPanels.framework/Versions/A/CommonPanels
0x0000000015202000 	/System/Library/Frameworks/Carbon.framework/Versions/A/Frameworks/Help.framework/Versions/A/Help
0x0000000015202000 	/System/Library/Frameworks/Carbon.framework/Versions/A/Frameworks/ImageCapture.framework/Versions/A/ImageCapture
0x0000000015202000 	/System/Library/Frameworks/Carbon.framework/Versions/A/Frameworks/OpenScripting.framework/Versions/A/OpenScripting
0x0000000015202000 	/System/Library/Frameworks/Carbon.framework/Versions/A/Frameworks/Ink.framework/Versions/A/Ink
0x0000000015202000 	/System/Library/Frameworks/Carbon.framework/Versions/A/Frameworks/Print.framework/Versions/A/Print
0x0000000015202000 	/System/Library/Frameworks/Carbon.framework/Versions/A/Frameworks/SecurityHI.framework/Versions/A/SecurityHI
0x0000000015202000 	/System/Library/PrivateFrameworks/DebugSymbols.framework/Versions/A/DebugSymbols
0x000000010fa97000 	/Users/apple/Desktop/LeapSDK/lib/libLeapJava.dylib
0x0000000119c88000 	/Users/apple/Desktop/LeapSDK/lib/libLeap.dylib
0x000000010faf8000 	/Library/Java/JavaVirtualMachines/jdk1.7.0_60.jdk/Contents/Home/jre/lib/libawt.dylib
0x0000000119b43000 	/Library/Java/JavaVirtualMachines/jdk1.7.0_60.jdk/Contents/Home/jre/lib/libmlib_image.dylib
0x0000000015202000 	/System/Library/Frameworks/JavaNativeFoundation.framework/Versions/A/JavaNativeFoundation
0x0000000119d9a000 	/Library/Java/JavaVirtualMachines/jdk1.7.0_60.jdk/Contents/Home/jre/lib/lwawt/liblwawt.dylib
0x000000010fa26000 	/Library/Java/JavaVirtualMachines/jdk1.7.0_60.jdk/Contents/Home/jre/lib/libosxapp.dylib
0x0000000015202000 	/System/Library/Frameworks/ExceptionHandling.framework/Versions/A/ExceptionHandling
0x0000000015202000 	/System/Library/PrivateFrameworks/CoreServicesInternal.framework/Versions/A/CoreServicesInternal
0x0000000015202000 	/System/Library/Frameworks/FileProvider.framework/Versions/A/FileProvider
0x0000000015202000 	/System/Library/Frameworks/Accounts.framework/Versions/A/Accounts
0x0000000015202000 	/System/Library/PrivateFrameworks/GenerationalStorage.framework/Versions/A/GenerationalStorage
0x0000000015202000 	/System/Library/PrivateFrameworks/SymptomDiagnosticReporter.framework/Versions/A/SymptomDiagnosticReporter
0x0000000015202000 	/System/Library/PrivateFrameworks/DesktopServicesPriv.framework/Versions/A/DesktopServicesPriv
0x0000000015202000 	/usr/lib/libsandbox.1.dylib
0x0000000015202000 	/System/Library/PrivateFrameworks/UserManagement.framework/Versions/A/UserManagement
0x0000000015202000 	/System/Library/PrivateFrameworks/NetAuth.framework/Versions/A/NetAuth
0x0000000015202000 	/System/Library/PrivateFrameworks/Sharing.framework/Versions/A/Sharing
0x0000000015202000 	/System/Library/PrivateFrameworks/login.framework/Versions/A/Frameworks/loginsupport.framework/Versions/A/loginsupport
0x0000000015202000 	/System/Library/PrivateFrameworks/Apple80211.framework/Versions/A/Apple80211
0x0000000015202000 	/System/Library/PrivateFrameworks/AuthKit.framework/Versions/A/AuthKit
0x0000000015202000 	/System/Library/PrivateFrameworks/CoreUtils.framework/Versions/A/CoreUtils
0x0000000015202000 	/System/Library/Frameworks/CoreWLAN.framework/Versions/A/CoreWLAN
0x0000000015202000 	/System/Library/Frameworks/IOBluetooth.framework/Versions/A/IOBluetooth
0x0000000015202000 	/System/Library/PrivateFrameworks/CoreWiFi.framework/Versions/A/CoreWiFi
0x0000000015202000 	/System/Library/PrivateFrameworks/FrontBoardServices.framework/Versions/A/FrontBoardServices
0x0000000015202000 	/System/Library/PrivateFrameworks/BoardServices.framework/Versions/A/BoardServices
0x0000000015202000 	/System/Library/PrivateFrameworks/AssertionServices.framework/Versions/A/AssertionServices
0x0000000015202000 	/System/Library/PrivateFrameworks/BackBoardServices.framework/Versions/A/BackBoardServices
0x0000000015202000 	/System/Library/PrivateFrameworks/CorePhoneNumbers.framework/Versions/A/CorePhoneNumbers
0x0000000015202000 	/System/Library/PrivateFrameworks/DiskManagement.framework/Versions/A/DiskManagement
0x0000000015202000 	/System/Library/PrivateFrameworks/AppleIDAuthSupport.framework/Versions/A/AppleIDAuthSupport
0x0000000015202000 	/System/Library/PrivateFrameworks/AAAFoundation.framework/Versions/A/AAAFoundation
0x0000000015202000 	/System/Library/PrivateFrameworks/KeychainCircle.framework/Versions/A/KeychainCircle
0x0000000015202000 	/System/Library/PrivateFrameworks/MediaKit.framework/Versions/A/MediaKit
0x0000000015202000 	/System/Library/Frameworks/DiscRecording.framework/Versions/A/DiscRecording
0x0000000015202000 	/usr/lib/libCoreStorage.dylib
0x0000000015202000 	/usr/lib/libcsfde.dylib
0x0000000015202000 	/System/Library/PrivateFrameworks/ProtectedCloudStorage.framework/Versions/A/ProtectedCloudStorage
0x0000000015202000 	/System/Library/PrivateFrameworks/EFILogin.framework/Versions/A/EFILogin
0x0000000015202000 	/System/Library/PrivateFrameworks/OctagonTrust.framework/Versions/A/OctagonTrust
0x0000000015202000 	/System/Library/PrivateFrameworks/CoreUtilsExtras.framework/Versions/A/CoreUtilsExtras
0x0000000015202000 	/System/Library/Frameworks/CoreBluetooth.framework/Versions/A/CoreBluetooth
0x0000000015202000 	/System/Library/Frameworks/AudioUnit.framework/Versions/A/AudioUnit
0x0000000015202000 	/usr/lib/libMatch.1.dylib
0x0000000015202000 	/System/Library/CoreServices/RawCamera.bundle/Contents/MacOS/RawCamera
0x0000000015202000 	/System/Library/PrivateFrameworks/MobileAsset.framework/Versions/A/MobileAsset
0x0000000015202000 	/System/Library/PrivateFrameworks/StreamingZip.framework/Versions/A/StreamingZip
0x0000000015202000 	/System/Library/PrivateFrameworks/CMPhoto.framework/Versions/A/CMPhoto
0x0000000015202000 	/System/Library/PrivateFrameworks/AppleVPA.framework/Versions/A/AppleVPA
0x0000000015202000 	/System/Library/Frameworks/MediaToolbox.framework/Versions/A/MediaToolbox
0x0000000015202000 	/System/Library/PrivateFrameworks/CoreAVCHD.framework/Versions/A/CoreAVCHD
0x0000000015202000 	/System/Library/Frameworks/MediaAccessibility.framework/Versions/A/MediaAccessibility
0x0000000015202000 	/System/Library/PrivateFrameworks/Mangrove.framework/Versions/A/Mangrove
0x0000000015202000 	/System/Library/PrivateFrameworks/AlgosScoreFramework.framework/Versions/A/AlgosScoreFramework
0x0000000015202000 	/System/Library/PrivateFrameworks/CoreAUC.framework/Versions/A/CoreAUC
0x0000000015202000 	/System/Library/Frameworks/Accelerate.framework/Versions/A/Frameworks/vImage.framework/Versions/A/Libraries/libCGInterfaces.dylib
0x0000000119c4d000 	/usr/lib/libobjc-trampolines.dylib
0x0000000015202000 	/System/Library/PrivateFrameworks/FamilyControls.framework/Versions/A/FamilyControls
0x0000000015202000 	/System/Library/PrivateFrameworks/CommerceKit.framework/Versions/A/Frameworks/CommerceCore.framework/Versions/A/CommerceCore
0x0000000015202000 	/System/Library/PrivateFrameworks/SystemAdministration.framework/Versions/A/SystemAdministration
0x0000000015202000 	/System/Library/PrivateFrameworks/AppContainer.framework/Versions/A/AppContainer
0x0000000015202000 	/System/Library/PrivateFrameworks/SecCodeWrapper.framework/Versions/A/SecCodeWrapper
0x0000000015202000 	/System/Library/PrivateFrameworks/CrashReporterSupport.framework/Versions/A/CrashReporterSupport
0x0000000015202000 	/System/Library/PrivateFrameworks/OSAnalytics.framework/Versions/A/OSAnalytics
0x0000000015202000 	/System/Library/PrivateFrameworks/Symbolication.framework/Versions/A/Symbolication
0x0000000015202000 	/System/Library/PrivateFrameworks/MallocStackLogging.framework/Versions/A/MallocStackLogging
0x0000000015202000 	/System/Library/PrivateFrameworks/login.framework/Versions/A/login
0x0000000015202000 	/System/Library/Frameworks/DirectoryService.framework/Versions/A/DirectoryService
0x0000000015202000 	/System/Library/PrivateFrameworks/DiskImages.framework/Versions/A/DiskImages
0x0000000015202000 	/System/Library/Frameworks/ServiceManagement.framework/Versions/A/ServiceManagement
0x0000000015202000 	/System/Library/PrivateFrameworks/LoginUIKit.framework/Versions/A/Frameworks/LoginUICore.framework/Versions/A/LoginUICore
0x0000000015202000 	/usr/lib/libodfde.dylib
0x0000000015202000 	/usr/lib/libcurl.4.dylib
0x0000000015202000 	/usr/lib/libcrypto.46.dylib
0x0000000015202000 	/usr/lib/libssl.48.dylib
0x0000000015202000 	/System/Library/Frameworks/LDAP.framework/Versions/A/LDAP
0x0000000015202000 	/System/Library/PrivateFrameworks/TrustEvaluationAgent.framework/Versions/A/TrustEvaluationAgent
0x0000000015202000 	/usr/lib/libsasl2.2.dylib
0x0000000015202000 	/System/Library/PrivateFrameworks/CoreDaemon.framework/Versions/B/CoreDaemon
0x0000000015202000 	/System/Library/PrivateFrameworks/AppleSRP.framework/Versions/A/AppleSRP
0x0000000015202000 	/System/Library/PrivateFrameworks/ViewBridge.framework/Versions/A/ViewBridge
0x000000011cd9d000 	/Library/Java/JavaVirtualMachines/jdk1.7.0_60.jdk/Contents/Home/jre/lib/libnet.dylib
0x000000011cd88000 	/Library/Java/JavaVirtualMachines/jdk1.7.0_60.jdk/Contents/Home/jre/lib/libnio.dylib
0x000000011cbbb000 	/private/var/folders/wq/3wn62fdn2ls8v23m5yg10nnr0000gn/T/jogamp_0000/file_cache/jln6062601453264896615/jln6939494017001477500/natives/macosx-universal/libgluegen-rt.jnilib
0x000000011ce19000 	/Library/Java/JavaVirtualMachines/jdk1.7.0_60.jdk/Contents/Home/jre/lib/libfontmanager.dylib
0x000000011cbbf000 	/private/var/folders/wq/3wn62fdn2ls8v23m5yg10nnr0000gn/T/jogamp_0000/file_cache/jln6062601453264896615/jln6939494017001477500/natives/macosx-universal/libnativewindow_awt.jnilib
0x000000011cbb6000 	/Library/Java/JavaVirtualMachines/jdk1.7.0_60.jdk/Contents/Home/jre/lib/libjawt.dylib
0x0000000015202000 	/System/Library/Frameworks/OpenGL.framework/Versions/A/Resources/GLEngine.bundle/GLEngine
0x0000000015202000 	/System/Library/Frameworks/OpenGL.framework/Versions/A/Libraries/libGLProgrammability.dylib
0x0000000015202000 	/System/Library/Extensions/AppleIntelBDWGraphicsGLDriver.bundle/Contents/MacOS/AppleIntelBDWGraphicsGLDriver
0x0000000015202000 	/System/Library/PrivateFrameworks/GPUSupport.framework/Versions/A/Libraries/libGPUSupportMercury.dylib
0x0000000015202000 	/System/Library/Frameworks/OpenGL.framework/Versions/A/Resources/GLRendererFloat.bundle/GLRendererFloat
0x000000011d626000 	/private/var/folders/wq/3wn62fdn2ls8v23m5yg10nnr0000gn/T/jogamp_0000/file_cache/jln6062601453264896615/jln6939494017001477500/natives/macosx-universal/libnativewindow_macosx.jnilib
0x000000011d7d9000 	/private/var/folders/wq/3wn62fdn2ls8v23m5yg10nnr0000gn/T/jogamp_0000/file_cache/jln6062601453264896615/jln6939494017001477500/natives/macosx-universal/libjogl_desktop.jnilib
0x000000011d701000 	/private/var/folders/wq/3wn62fdn2ls8v23m5yg10nnr0000gn/T/jogamp_0000/file_cache/jln6062601453264896615/jln6939494017001477500/natives/macosx-universal/libjogl_mobile.jnilib
0x000000011ddee000 	/Library/Java/JavaVirtualMachines/jdk1.7.0_60.jdk/Contents/Home/jre/lib/libosxui.dylib

VM Arguments:
jvm_args: -Dfile.encoding=UTF-8 -Djava.library.path=/Users/apple/Desktop/LeapSDK/lib -Djava.security.policy=applet.policy 
java_command: pkgtry.Try
Launcher Type: SUN_STANDARD

Environment Variables:
PATH=/usr/bin:/bin:/usr/sbin:/sbin
SHELL=/bin/zsh

Signal Handlers:
SIGSEGV: [libjvm.dylib+0x52b7b1], sa_mask[0]=0xfffefeff, sa_flags=0x00000043
SIGBUS: [libjvm.dylib+0x52b7b1], sa_mask[0]=0xfffefeff, sa_flags=0x00000042
SIGFPE: [libjvm.dylib+0x41e28a], sa_mask[0]=0xfffefeff, sa_flags=0x00000042
SIGPIPE: [libjvm.dylib+0x41e28a], sa_mask[0]=0xfffefeff, sa_flags=0x00000042
SIGXFSZ: [libjvm.dylib+0x41e28a], sa_mask[0]=0xfffefeff, sa_flags=0x00000042
SIGILL: [libjvm.dylib+0x41e28a], sa_mask[0]=0xfffefeff, sa_flags=0x00000042
SIGUSR1: SIG_DFL, sa_mask[0]=0x00000000, sa_flags=0x00000000
SIGUSR2: [libjvm.dylib+0x41dd7c], sa_mask[0]=0x00000004, sa_flags=0x00000042
SIGHUP: [libjvm.dylib+0x41c00b], sa_mask[0]=0xfffefeff, sa_flags=0x00000042
SIGINT: SIG_IGN, sa_mask[0]=0x00000000, sa_flags=0x00000000
SIGTERM: [libjvm.dylib+0x41c00b], sa_mask[0]=0xfffefeff, sa_flags=0x00000042
SIGQUIT: [libjvm.dylib+0x41c00b], sa_mask[0]=0xfffefeff, sa_flags=0x00000042


---------------  S Y S T E M  ---------------

OS:Bsduname:Darwin 21.4.0 Darwin Kernel Version 21.4.0: Mon Feb 21 20:34:37 PST 2022; root:xnu-8020.101.4~2/RELEASE_X86_64 x86_64
rlimit: STACK 8192k, CORE 0k, NPROC 1392, NOFILE 10240, AS infinity
load average:5.75 11.03 7.79

CPU:total 4 (2 cores per cpu, 2 threads per core) family 6 model 61 stepping 4, cmov, cx8, fxsr, mmx, sse, sse2, sse3, ssse3, sse4.1, sse4.2, popcnt, avx, avx2, aes, erms, ht, tsc, tscinvbit

Memory: 4k page, physical 8388608k(2097152k free)

/proc/meminfo:


vm_info: Java HotSpot(TM) 64-Bit Server VM (24.60-b09) for bsd-amd64 JRE (1.7.0_60-b19), built on May  7 2014 12:52:25 by "java_re" with gcc 4.2.1 (Based on Apple Inc. build 5658) (LLVM build 2336.11.00)

time: Wed Mar 30 11:08:01 2022
elapsed time: 13 seconds

